#
# A fatal error has been detected by the Java Runtime Environment:
#
#  EXCEPTION_ACCESS_VIOLATION (0xc0000005) at pc=0x00007fff7554dd9a, pid=3180, tid=10576
#
# JRE version: Java(TM) SE Runtime Environment (17.0.3.1+2) (build 17.0.3.1+2-LTS-6)
# Java VM: Java HotSpot(TM) 64-Bit Server VM (17.0.3.1+2-LTS-6, mixed mode, sharing, tiered, compressed oops, compressed class ptrs, g1 gc, windows-amd64)
# Problematic frame:
# V  [jvm.dll+0x73dd9a]
#
# No core dump will be written. Minidumps are not enabled by default on client versions of Windows
#
# If you would like to submit a bug report, please visit:
#   https://bugreport.java.com/bugreport/crash.jsp
#

---------------  S U M M A R Y ------------

Command Line: -XX:+ShowCodeDetailsInExceptionMessages -agentlib:jdwp=transport=dt_socket,suspend=y,address=localhost:58050 -ea -javaagent:C:\Users\Anton\eclipse\java-2022-03\eclipse\configuration\org.eclipse.osgi\225\0\.cp\lib\javaagent-shaded.jar -Dfile.encoding=Cp1251 org.eclipse.jdt.internal.junit.runner.RemoteTestRunner -version 3 -port 58049 -testLoaderClass org.eclipse.jdt.internal.junit5.runner.JUnit5TestLoader -loaderpluginname org.eclipse.jdt.junit5.runtime -test telran.util.tests.TreeSetTest:balanceTest -uniqueId [engine:junit-jupiter]/[class:telran.util.tests.TreeSetTest]/[method:balanceTest()]

Host: Intel(R) Core(TM) i5 CPU       M 480  @ 2.67GHz, 4 cores, 3G,  Windows 10 , 64 bit Build 19041 (10.0.19041.1889)
Time: Wed Aug 24 19:01:03 2022 Jerusalem Daylight Time elapsed time: 125.301398 seconds (0d 0h 2m 5s)

---------------  T H R E A D  ---------------

Current thread (0x000001347e573040):  JavaThread "JDWP Transport Listener: dt_socket" daemon [_thread_in_vm, id=10576, stack(0x0000002a17f00000,0x0000002a18000000)]

Stack: [0x0000002a17f00000,0x0000002a18000000],  sp=0x0000002a17fff1a0,  free space=1020k
Native frames: (J=compiled Java code, j=interpreted, Vv=VM code, C=native code)
V  [jvm.dll+0x73dd9a]
V  [jvm.dll+0x5050bc]
V  [jvm.dll+0x4d09d4]
C  [jdwp.dll+0x22e9f]


siginfo: EXCEPTION_ACCESS_VIOLATION (0xc0000005), reading address 0x00000000005f001d


Register to memory mapping:

RIP=0x00007fff7554dd9a jvm.dll
RAX=0x000000000000005e is an unknown value
RBX=0x000001347dabd246 points into unknown readable memory: 00 00
RCX=0x00000000005f0019 is an unknown value
RDX=0x000001347ed62ac0 points into unknown readable memory: 0x2f6e61726c65744c | 4c 74 65 6c 72 61 6e 2f
RSP=0x0000002a17fff1a0 is pointing into the stack for thread: 0x000001347e573040
RBP=0x000001347e57ade0 points into unknown readable memory: 0x0000000200000002 | 02 00 00 00 02 00 00 00
RSI=0x0 is NULL
RDI=0xffffffffffffffff is an unknown value
R8 =0x000000000000000f is an unknown value
R9 =0x0000000000000013 is an unknown value
R10=0x0 is NULL
R11=0x0000002a17fff1c0 is pointing into the stack for thread: 0x000001347e573040
R12=0x0000002a17fff2f8 is pointing into the stack for thread: 0x000001347e573040
R13=0x0 is NULL
R14=0x0000000800cd34d0 is a pointer to class: 
telran.util.TreeSet$TreeSetIterator {0x0000000800cd34d8}
 - instance size:     4
 - klass size:        75
 - access:            synchronized 
 - state:             fully_initialized
 - name:              'telran/util/TreeSet$TreeSetIterator'
 - super:             'java/lang/Object'
 - sub:               
 - arrays:            NULL
 - methods:           Array<T>(0x000001347e2412c8)
 - method ordering:   Array<T>(0x000001347e241870)
 - default_methods:   Array<T>(0x000001347e240208)
 - default vtable indices:   Array<T>(0x000001347e240218)
 - local interfaces:  Array<T>(0x000001347e23fbc0)
 - trans. interfaces: Array<T>(0x000001347e23fbc0)
 - constants:         constant pool [110] {0x000001347e2420e8} for 'telran/util/TreeSet$TreeSetIterator' cache=0x000001347e2424e0
 - class loader data:  loader data: 0x000001347db5da50 for instance a 'jdk/internal/loader/ClassLoaders$AppClassLoader'{0x00000000c2405330}
 - source file:       'TreeSet.java'
 - source debug extension:       SMAP
TreeSet.java
Java
*S jdt
*F
1 TreeSet.java
2 file:/D:/TelRanEclipseJavaProjects/hello-algorithm/bin/
*L
*E

 - class annotations:       Array<T>(0x0000000000000000)
 - class type annotations:  Array<T>(0x0000000000000000)
 - field annotations:       Array<T>(0x0000000000000000)
 - field type annotations:  Array<T>(0x0000000000000000)
 - previous version:  constant pool [110] {0x000001347e23f7c8} for 'telran/util/TreeSet$TreeSetIterator' (extra) cache=0x000001347e240228
 - generic signature: '
[error occurred during error reporting (printing register info), id 0xc0000005, EXCEPTION_ACCESS_VIOLATION (0xc0000005) at pc=0x00007fff7554e9a6]

Registers:
RAX=0x000000000000005e, RBX=0x000001347dabd246, RCX=0x00000000005f0019, RDX=0x000001347ed62ac0
RSP=0x0000002a17fff1a0, RBP=0x000001347e57ade0, RSI=0x0000000000000000, RDI=0xffffffffffffffff
R8 =0x000000000000000f, R9 =0x0000000000000013, R10=0x0000000000000000, R11=0x0000002a17fff1c0
R12=0x0000002a17fff2f8, R13=0x0000000000000000, R14=0x0000000800cd34d0, R15=0x0000002a17fff348
RIP=0x00007fff7554dd9a, EFLAGS=0x0000000000010206

Top of Stack: (sp=0x0000002a17fff1a0)
0x0000002a17fff1a0:   0000000000000023 0000000800cd34d0
0x0000002a17fff1b0:   000001347e573040 0000000000000000
0x0000002a17fff1c0:   ffffffffffffffff 00007fff753150bc
0x0000002a17fff1d0:   000001347dabd246 000001347dabd220
0x0000002a17fff1e0:   000001347e57ade0 000001340f0866e0
0x0000002a17fff1f0:   000001347dabd1e0 00000000000003d8
0x0000002a17fff200:   000001347dabd1f0 000001347dabd5c8
0x0000002a17fff210:   0000000000000002 0000002a17fff2f8
0x0000002a17fff220:   0000000000000000 0000000000000000
0x0000002a17fff230:   00000000c562fcd0 00007fff752e09d4
0x0000002a17fff240:   000001347e573040 0000002a17fff348
0x0000002a17fff250:   000001346f84ede0 0000002a17fff348
0x0000002a17fff260:   000001347e573040 0000000000000000
0x0000002a17fff270:   0000013400000000 0000000000000000
0x0000002a17fff280:   000000000000000d 00007fff93682e9f
0x0000002a17fff290:   0000002a17fff340 00007fff93691830 

Instructions: (pc=0x00007fff7554dd9a)
0x00007fff7554dc9a:   48 83 c4 20 5f e9 4c 6e 96 ff cc cc cc cc cc cc
0x00007fff7554dcaa:   cc cc cc cc cc cc 48 89 5c 24 08 57 48 83 ec 20
0x00007fff7554dcba:   83 fa 02 8d 42 06 b9 08 00 00 00 49 8b d8 0f 4e
0x00007fff7554dcca:   c1 48 63 c8 48 83 c1 07 83 e1 f8 48 63 f9 49 8b
0x00007fff7554dcda:   48 18 48 8b c7 48 f7 d0 48 3b c1 73 16 4c 8d 05
0x00007fff7554dcea:   6a 4b 17 00 48 8b d7 48 8b cb e8 57 d1 96 ff 48
0x00007fff7554dcfa:   8b 4b 18 48 8d 04 39 48 3b 43 20 76 18 45 33 c0
0x00007fff7554dd0a:   48 8b d7 48 8b cb 48 8b 5c 24 30 48 83 c4 20 5f
0x00007fff7554dd1a:   e9 b1 cd 96 ff 48 89 43 18 48 8b c1 48 8b 5c 24
0x00007fff7554dd2a:   30 48 83 c4 20 5f c3 cc cc cc cc cc cc cc cc cc
0x00007fff7554dd3a:   cc cc cc cc cc cc 4c 8b d2 4c 8b d9 45 85 c0 7e
0x00007fff7554dd4a:   3c 44 0f b7 49 04 41 8d 40 ff 41 3b c1 44 0f 4c
0x00007fff7554dd5a:   c8 4d 63 c1 45 85 c9 7e 1f 48 8b c2 4c 2b da 49
0x00007fff7554dd6a:   8b d0 0f 1f 40 00 41 0f b6 4c 03 06 88 08 48 8d
0x00007fff7554dd7a:   40 01 48 83 ea 01 75 ee 43 c6 04 10 00 49 8b c2
0x00007fff7554dd8a:   c3 cc cc cc cc cc 48 89 5c 24 08 57 48 83 ec 20
0x00007fff7554dd9a:   0f b7 59 04 48 8b f9 33 d2 48 8d 4b 01 e8 14 96
0x00007fff7554ddaa:   f8 ff 0f b7 57 04 4c 8b c0 3b da 0f 42 d3 44 8b
0x00007fff7554ddba:   ca 85 d2 74 39 48 2b f8 0f 1f 40 00 66 66 0f 1f
0x00007fff7554ddca:   84 00 00 00 00 00 0f b6 4c 07 06 88 08 48 ff c0
0x00007fff7554ddda:   48 8b c8 49 2b c8 49 3b c9 7c eb 42 c6 04 02 00
0x00007fff7554ddea:   49 8b c0 48 8b 5c 24 30 48 83 c4 20 5f c3 48 8b
0x00007fff7554ddfa:   5c 24 30 c6 04 02 00 48 83 c4 20 5f c3 cc cc cc
0x00007fff7554de0a:   cc cc cc cc cc cc 4c 8b d1 45 85 c0 7e 6c 44 0f
0x00007fff7554de1a:   b7 49 04 41 8d 40 ff 41 3b c1 44 0f 4c c8 4d 63
0x00007fff7554de2a:   d9 45 85 c9 7e 22 48 8b ca 4c 2b d2 4d 8b c3 0f
0x00007fff7554de3a:   1f 80 00 00 00 00 41 0f b6 44 0a 06 88 01 48 8d
0x00007fff7554de4a:   49 01 49 83 e8 01 75 ee 41 c6 04 13 00 48 c7 c0
0x00007fff7554de5a:   ff ff ff ff 66 90 48 ff c0 80 3c 02 00 75 f7 48
0x00007fff7554de6a:   63 c8 85 c0 48 8b c2 7e 14 80 38 2f 75 03 c6 00
0x00007fff7554de7a:   2e 48 ff c0 48 83 e9 01 75 ef 48 8b c2 c3 cc cc
0x00007fff7554de8a:   cc cc cc cc cc cc 48 83 ec 28 e8 f7 fe ff ff 4c 


Stack slot to memory mapping:
stack at sp + 0 slots: 0x0000000000000023 is an unknown value
stack at sp + 1 slots: 0x0000000800cd34d0 is a pointer to class: 
telran.util.TreeSet$TreeSetIterator {0x0000000800cd34d8}
 - instance size:     4
 - klass size:        75
 - access:            synchronized 
 - state:             fully_initialized
 - name:              'telran/util/TreeSet$TreeSetIterator'
 - super:             'java/lang/Object'
 - sub:               
 - arrays:            NULL
 - methods:           Array<T>(0x000001347e2412c8)
 - method ordering:   Array<T>(0x000001347e241870)
 - default_methods:   Array<T>(0x000001347e240208)
 - default vtable indices:   Array<T>(0x000001347e240218)
 - local interfaces:  Array<T>(0x000001347e23fbc0)
 - trans. interfaces: Array<T>(0x000001347e23fbc0)
 - constants:         constant pool [110] {0x000001347e2420e8} for 'telran/util/TreeSet$TreeSetIterator' cache=0x000001347e2424e0
 - class loader data:  loader data: 0x000001347db5da50 for instance a 'jdk/internal/loader/ClassLoaders$AppClassLoader'{0x00000000c2405330}
 - source file:       'TreeSet.java'
 - source debug extension:       SMAP
TreeSet.java
Java
*S jdt
*F
1 TreeSet.java
2 file:/D:/TelRanEclipseJavaProjects/hello-algorithm/bin/
*L
*E

 - class annotations:       Array<T>(0x0000000000000000)
 - class type annotations:  Array<T>(0x0000000000000000)
 - field annotations:       Array<T>(0x0000000000000000)
 - field type annotations:  Array<T>(0x0000000000000000)
 - previous version:  constant pool [110] {0x000001347e23f7c8} for 'telran/util/TreeSet$TreeSetIterator' (extra) cache=0x000001347e240228
 - generic signature: '
[error occurred during error reporting (inspecting top of stack), id 0xc0000005, EXCEPTION_ACCESS_VIOLATION (0xc0000005) at pc=0x00007fff7554e9a6]


---------------  P R O C E S S  ---------------

Threads class SMR info:
_java_thread_list=0x000001347f0e9e60, length=16, elements={
0x0000013471922090, 0x00000134719ed650, 0x00000134719ee250, 0x000001347daa27b0,
0x000001347daa5080, 0x000001347daad950, 0x000001347dab6c60, 0x000001347dab8f10,
0x000001347dab98c0, 0x000001347dad0200, 0x000001347dab7130, 0x000001347e573040,
0x000001347e63c940, 0x000001347e63ce30, 0x000001347dab3770, 0x000001347dab3c40
}

Java Threads: ( => current thread )
  0x0000013471922090 JavaThread "main" [_thread_blocked, id=3404, stack(0x0000002a16e00000,0x0000002a16f00000)]
  0x00000134719ed650 JavaThread "Reference Handler" daemon [_thread_blocked, id=10744, stack(0x0000002a17500000,0x0000002a17600000)]
  0x00000134719ee250 JavaThread "Finalizer" daemon [_thread_blocked, id=4420, stack(0x0000002a17600000,0x0000002a17700000)]
  0x000001347daa27b0 JavaThread "Signal Dispatcher" daemon [_thread_blocked, id=5712, stack(0x0000002a17700000,0x0000002a17800000)]
  0x000001347daa5080 JavaThread "Attach Listener" daemon [_thread_blocked, id=4512, stack(0x0000002a17800000,0x0000002a17900000)]
  0x000001347daad950 JavaThread "Service Thread" daemon [_thread_blocked, id=2864, stack(0x0000002a17900000,0x0000002a17a00000)]
  0x000001347dab6c60 JavaThread "Monitor Deflation Thread" daemon [_thread_blocked, id=6548, stack(0x0000002a17a00000,0x0000002a17b00000)]
  0x000001347dab8f10 JavaThread "C2 CompilerThread0" daemon [_thread_blocked, id=7780, stack(0x0000002a17b00000,0x0000002a17c00000)]
  0x000001347dab98c0 JavaThread "C1 CompilerThread0" daemon [_thread_blocked, id=10896, stack(0x0000002a17c00000,0x0000002a17d00000)]
  0x000001347dad0200 JavaThread "Sweeper thread" daemon [_thread_blocked, id=8636, stack(0x0000002a17d00000,0x0000002a17e00000)]
  0x000001347dab7130 JavaThread "Common-Cleaner" daemon [_thread_blocked, id=920, stack(0x0000002a17e00000,0x0000002a17f00000)]
=>0x000001347e573040 JavaThread "JDWP Transport Listener: dt_socket" daemon [_thread_in_vm, id=10576, stack(0x0000002a17f00000,0x0000002a18000000)]
  0x000001347e63c940 JavaThread "JDWP Event Helper Thread" daemon [_thread_blocked, id=9308, stack(0x0000002a18000000,0x0000002a18100000)]
  0x000001347e63ce30 JavaThread "JDWP Command Reader" daemon [_thread_in_native, id=9748, stack(0x0000002a18100000,0x0000002a18200000)]
  0x000001347dab3770 JavaThread "Notification Thread" daemon [_thread_blocked, id=248, stack(0x0000002a18200000,0x0000002a18300000)]
  0x000001347dab3c40 JavaThread "ReaderThread" [_thread_in_native, id=3364, stack(0x0000002a18800000,0x0000002a18900000)]

Other Threads:
  0x00000134719e93c0 VMThread "VM Thread" [stack: 0x0000002a17400000,0x0000002a17500000] [id=9444]
  0x0000013471923290 WatcherThread [stack: 0x0000002a18300000,0x0000002a18400000] [id=6140]
  0x000001347195d490 GCTaskThread "GC Thread#0" [stack: 0x0000002a16f00000,0x0000002a17000000] [id=8656]
  0x000001347e71d510 GCTaskThread "GC Thread#1" [stack: 0x0000002a18500000,0x0000002a18600000] [id=10808]
  0x000001347f01c2a0 GCTaskThread "GC Thread#2" [stack: 0x0000002a18600000,0x0000002a18700000] [id=3216]
  0x000001347f01c960 GCTaskThread "GC Thread#3" [stack: 0x0000002a18700000,0x0000002a18800000] [id=8300]
  0x0000013471974720 ConcurrentGCThread "G1 Main Marker" [stack: 0x0000002a17000000,0x0000002a17100000] [id=8168]
  0x0000013471975650 ConcurrentGCThread "G1 Conc#0" [stack: 0x0000002a17100000,0x0000002a17200000] [id=7336]
  0x00000134719b6590 ConcurrentGCThread "G1 Refine#0" [stack: 0x0000002a17200000,0x0000002a17300000] [id=8200]
  0x00000134719b7d70 ConcurrentGCThread "G1 Service" [stack: 0x0000002a17300000,0x0000002a17400000] [id=3496]

Threads with active compile tasks:

VM state: not at safepoint (normal execution)

VM Mutex/Monitor currently owned by a thread: None

Heap address: 0x00000000c2400000, size: 988 MB, Compressed Oops mode: 32-bit

CDS archive(s) mapped at: [0x0000000800000000-0x0000000800bc0000-0x0000000800bc0000), size 12320768, SharedBaseAddress: 0x0000000800000000, ArchiveRelocationMode: 0.
Compressed class space mapped at: 0x0000000800c00000-0x0000000840c00000, reserved size: 1073741824
Narrow klass base: 0x0000000800000000, Narrow klass shift: 0, Narrow klass range: 0x100000000

GC Precious Log:
 CPUs: 4 total, 4 available
 Memory: 3950M
 Large Page Support: Disabled
 NUMA Support: Disabled
 Compressed Oops: Enabled (32-bit)
 Heap Region Size: 1M
 Heap Min Capacity: 8M
 Heap Initial Capacity: 62M
 Heap Max Capacity: 988M
 Pre-touch: Disabled
 Parallel Workers: 4
 Concurrent Workers: 1
 Concurrent Refinement Workers: 4
 Periodic GC: Disabled

Heap:
 garbage-first heap   total 63488K, used 14575K [0x00000000c2400000, 0x0000000100000000)
  region size 1024K, 14 young (14336K), 2 survivors (2048K)
 Metaspace       used 7146K, committed 7360K, reserved 1056768K
  class space    used 827K, committed 960K, reserved 1048576K

Heap Regions: E=young(eden), S=young(survivor), O=old, HS=humongous(starts), HC=humongous(continues), CS=collection set, F=free, OA=open archive, CA=closed archive, TAMS=top-at-mark-start (previous, next)
|   0|0x00000000c2400000, 0x00000000c2500000, 0x00000000c2500000|100%| O|  |TAMS 0x00000000c2400000, 0x00000000c2400000| Untracked 
|   1|0x00000000c2500000, 0x00000000c25f5a00, 0x00000000c2600000| 95%| O|  |TAMS 0x00000000c2500000, 0x00000000c2500000| Untracked 
|   2|0x00000000c2600000, 0x00000000c2600000, 0x00000000c2700000|  0%| F|  |TAMS 0x00000000c2600000, 0x00000000c2600000| Untracked 
|   3|0x00000000c2700000, 0x00000000c2700000, 0x00000000c2800000|  0%| F|  |TAMS 0x00000000c2700000, 0x00000000c2700000| Untracked 
|   4|0x00000000c2800000, 0x00000000c2800000, 0x00000000c2900000|  0%| F|  |TAMS 0x00000000c2800000, 0x00000000c2800000| Untracked 
|   5|0x00000000c2900000, 0x00000000c2900000, 0x00000000c2a00000|  0%| F|  |TAMS 0x00000000c2900000, 0x00000000c2900000| Untracked 
|   6|0x00000000c2a00000, 0x00000000c2a00000, 0x00000000c2b00000|  0%| F|  |TAMS 0x00000000c2a00000, 0x00000000c2a00000| Untracked 
|   7|0x00000000c2b00000, 0x00000000c2b00000, 0x00000000c2c00000|  0%| F|  |TAMS 0x00000000c2b00000, 0x00000000c2b00000| Untracked 
|   8|0x00000000c2c00000, 0x00000000c2c00000, 0x00000000c2d00000|  0%| F|  |TAMS 0x00000000c2c00000, 0x00000000c2c00000| Untracked 
|   9|0x00000000c2d00000, 0x00000000c2d00000, 0x00000000c2e00000|  0%| F|  |TAMS 0x00000000c2d00000, 0x00000000c2d00000| Untracked 
|  10|0x00000000c2e00000, 0x00000000c2e00000, 0x00000000c2f00000|  0%| F|  |TAMS 0x00000000c2e00000, 0x00000000c2e00000| Untracked 
|  11|0x00000000c2f00000, 0x00000000c2f00000, 0x00000000c3000000|  0%| F|  |TAMS 0x00000000c2f00000, 0x00000000c2f00000| Untracked 
|  12|0x00000000c3000000, 0x00000000c3000000, 0x00000000c3100000|  0%| F|  |TAMS 0x00000000c3000000, 0x00000000c3000000| Untracked 
|  13|0x00000000c3100000, 0x00000000c3100000, 0x00000000c3200000|  0%| F|  |TAMS 0x00000000c3100000, 0x00000000c3100000| Untracked 
|  14|0x00000000c3200000, 0x00000000c3200000, 0x00000000c3300000|  0%| F|  |TAMS 0x00000000c3200000, 0x00000000c3200000| Untracked 
|  15|0x00000000c3300000, 0x00000000c3300000, 0x00000000c3400000|  0%| F|  |TAMS 0x00000000c3300000, 0x00000000c3300000| Untracked 
|  16|0x00000000c3400000, 0x00000000c3400000, 0x00000000c3500000|  0%| F|  |TAMS 0x00000000c3400000, 0x00000000c3400000| Untracked 
|  17|0x00000000c3500000, 0x00000000c3500000, 0x00000000c3600000|  0%| F|  |TAMS 0x00000000c3500000, 0x00000000c3500000| Untracked 
|  18|0x00000000c3600000, 0x00000000c3600000, 0x00000000c3700000|  0%| F|  |TAMS 0x00000000c3600000, 0x00000000c3600000| Untracked 
|  19|0x00000000c3700000, 0x00000000c3700000, 0x00000000c3800000|  0%| F|  |TAMS 0x00000000c3700000, 0x00000000c3700000| Untracked 
|  20|0x00000000c3800000, 0x00000000c3800000, 0x00000000c3900000|  0%| F|  |TAMS 0x00000000c3800000, 0x00000000c3800000| Untracked 
|  21|0x00000000c3900000, 0x00000000c3900000, 0x00000000c3a00000|  0%| F|  |TAMS 0x00000000c3900000, 0x00000000c3900000| Untracked 
|  22|0x00000000c3a00000, 0x00000000c3a00000, 0x00000000c3b00000|  0%| F|  |TAMS 0x00000000c3a00000, 0x00000000c3a00000| Untracked 
|  23|0x00000000c3b00000, 0x00000000c3b00000, 0x00000000c3c00000|  0%| F|  |TAMS 0x00000000c3b00000, 0x00000000c3b00000| Untracked 
|  24|0x00000000c3c00000, 0x00000000c3c00000, 0x00000000c3d00000|  0%| F|  |TAMS 0x00000000c3c00000, 0x00000000c3c00000| Untracked 
|  25|0x00000000c3d00000, 0x00000000c3d00000, 0x00000000c3e00000|  0%| F|  |TAMS 0x00000000c3d00000, 0x00000000c3d00000| Untracked 
|  26|0x00000000c3e00000, 0x00000000c3e00000, 0x00000000c3f00000|  0%| F|  |TAMS 0x00000000c3e00000, 0x00000000c3e00000| Untracked 
|  27|0x00000000c3f00000, 0x00000000c3f00000, 0x00000000c4000000|  0%| F|  |TAMS 0x00000000c3f00000, 0x00000000c3f00000| Untracked 
|  28|0x00000000c4000000, 0x00000000c4000000, 0x00000000c4100000|  0%| F|  |TAMS 0x00000000c4000000, 0x00000000c4000000| Untracked 
|  29|0x00000000c4100000, 0x00000000c4100000, 0x00000000c4200000|  0%| F|  |TAMS 0x00000000c4100000, 0x00000000c4100000| Untracked 
|  30|0x00000000c4200000, 0x00000000c4200000, 0x00000000c4300000|  0%| F|  |TAMS 0x00000000c4200000, 0x00000000c4200000| Untracked 
|  31|0x00000000c4300000, 0x00000000c4300000, 0x00000000c4400000|  0%| F|  |TAMS 0x00000000c4300000, 0x00000000c4300000| Untracked 
|  32|0x00000000c4400000, 0x00000000c4400000, 0x00000000c4500000|  0%| F|  |TAMS 0x00000000c4400000, 0x00000000c4400000| Untracked 
|  33|0x00000000c4500000, 0x00000000c4500000, 0x00000000c4600000|  0%| F|  |TAMS 0x00000000c4500000, 0x00000000c4500000| Untracked 
|  34|0x00000000c4600000, 0x00000000c4600000, 0x00000000c4700000|  0%| F|  |TAMS 0x00000000c4600000, 0x00000000c4600000| Untracked 
|  35|0x00000000c4700000, 0x00000000c4700000, 0x00000000c4800000|  0%| F|  |TAMS 0x00000000c4700000, 0x00000000c4700000| Untracked 
|  36|0x00000000c4800000, 0x00000000c4800000, 0x00000000c4900000|  0%| F|  |TAMS 0x00000000c4800000, 0x00000000c4800000| Untracked 
|  37|0x00000000c4900000, 0x00000000c4900000, 0x00000000c4a00000|  0%| F|  |TAMS 0x00000000c4900000, 0x00000000c4900000| Untracked 
|  38|0x00000000c4a00000, 0x00000000c4a00000, 0x00000000c4b00000|  0%| F|  |TAMS 0x00000000c4a00000, 0x00000000c4a00000| Untracked 
|  39|0x00000000c4b00000, 0x00000000c4b00000, 0x00000000c4c00000|  0%| F|  |TAMS 0x00000000c4b00000, 0x00000000c4b00000| Untracked 
|  40|0x00000000c4c00000, 0x00000000c4c00000, 0x00000000c4d00000|  0%| F|  |TAMS 0x00000000c4c00000, 0x00000000c4c00000| Untracked 
|  41|0x00000000c4d00000, 0x00000000c4d00000, 0x00000000c4e00000|  0%| F|  |TAMS 0x00000000c4d00000, 0x00000000c4d00000| Untracked 
|  42|0x00000000c4e00000, 0x00000000c4e463e0, 0x00000000c4f00000| 27%| S|CS|TAMS 0x00000000c4e00000, 0x00000000c4e00000| Complete 
|  43|0x00000000c4f00000, 0x00000000c5000000, 0x00000000c5000000|100%| S|CS|TAMS 0x00000000c4f00000, 0x00000000c4f00000| Complete 
|  44|0x00000000c5000000, 0x00000000c5000000, 0x00000000c5100000|  0%| F|  |TAMS 0x00000000c5000000, 0x00000000c5000000| Untracked 
|  45|0x00000000c5100000, 0x00000000c5100000, 0x00000000c5200000|  0%| F|  |TAMS 0x00000000c5100000, 0x00000000c5100000| Untracked 
|  46|0x00000000c5200000, 0x00000000c5200000, 0x00000000c5300000|  0%| F|  |TAMS 0x00000000c5200000, 0x00000000c5200000| Untracked 
|  47|0x00000000c5300000, 0x00000000c5300000, 0x00000000c5400000|  0%| F|  |TAMS 0x00000000c5300000, 0x00000000c5300000| Untracked 
|  48|0x00000000c5400000, 0x00000000c5400000, 0x00000000c5500000|  0%| F|  |TAMS 0x00000000c5400000, 0x00000000c5400000| Untracked 
|  49|0x00000000c5500000, 0x00000000c5500000, 0x00000000c5600000|  0%| F|  |TAMS 0x00000000c5500000, 0x00000000c5500000| Untracked 
|  50|0x00000000c5600000, 0x00000000c56da1a8, 0x00000000c5700000| 85%| E|  |TAMS 0x00000000c5600000, 0x00000000c5600000| Complete 
|  51|0x00000000c5700000, 0x00000000c5800000, 0x00000000c5800000|100%| E|CS|TAMS 0x00000000c5700000, 0x00000000c5700000| Complete 
|  52|0x00000000c5800000, 0x00000000c5900000, 0x00000000c5900000|100%| E|CS|TAMS 0x00000000c5800000, 0x00000000c5800000| Complete 
|  53|0x00000000c5900000, 0x00000000c5a00000, 0x00000000c5a00000|100%| E|CS|TAMS 0x00000000c5900000, 0x00000000c5900000| Complete 
|  54|0x00000000c5a00000, 0x00000000c5b00000, 0x00000000c5b00000|100%| E|CS|TAMS 0x00000000c5a00000, 0x00000000c5a00000| Complete 
|  55|0x00000000c5b00000, 0x00000000c5c00000, 0x00000000c5c00000|100%| E|CS|TAMS 0x00000000c5b00000, 0x00000000c5b00000| Complete 
|  56|0x00000000c5c00000, 0x00000000c5d00000, 0x00000000c5d00000|100%| E|CS|TAMS 0x00000000c5c00000, 0x00000000c5c00000| Complete 
|  57|0x00000000c5d00000, 0x00000000c5e00000, 0x00000000c5e00000|100%| E|CS|TAMS 0x00000000c5d00000, 0x00000000c5d00000| Complete 
|  58|0x00000000c5e00000, 0x00000000c5f00000, 0x00000000c5f00000|100%| E|CS|TAMS 0x00000000c5e00000, 0x00000000c5e00000| Complete 
|  59|0x00000000c5f00000, 0x00000000c6000000, 0x00000000c6000000|100%| E|CS|TAMS 0x00000000c5f00000, 0x00000000c5f00000| Complete 
|  60|0x00000000c6000000, 0x00000000c6100000, 0x00000000c6100000|100%| E|CS|TAMS 0x00000000c6000000, 0x00000000c6000000| Complete 
|  61|0x00000000c6100000, 0x00000000c6200000, 0x00000000c6200000|100%| E|CS|TAMS 0x00000000c6100000, 0x00000000c6100000| Complete 

Card table byte_map: [0x0000013479390000,0x0000013479580000] _byte_map_base: 0x0000013478d7e000

Marking Bits (Prev, Next): (CMBitMap*) 0x000001347195d9b0, (CMBitMap*) 0x000001347195d9f0
 Prev Bits: [0x0000013479770000, 0x000001347a6e0000)
 Next Bits: [0x000001347a6e0000, 0x000001347b650000)

Polling page: 0x000001346f720000

Metaspace:

Usage:
  Non-class:      6.17 MB used.
      Class:    827.53 KB used.
       Both:      6.98 MB used.

Virtual space:
  Non-class space:        8.00 MB reserved,       6.25 MB ( 78%) committed,  1 nodes.
      Class space:        1.00 GB reserved,     960.00 KB ( <1%) committed,  1 nodes.
             Both:        1.01 GB reserved,       7.19 MB ( <1%) committed. 

Chunk freelists:
   Non-Class:  1.72 MB
       Class:  3.05 MB
        Both:  4.77 MB

MaxMetaspaceSize: unlimited
CompressedClassSpaceSize: 1.00 GB
Initial GC threshold: 21.00 MB
Current GC threshold: 21.00 MB
CDS: on
MetaspaceReclaimPolicy: balanced
 - commit_granule_bytes: 65536.
 - commit_granule_words: 8192.
 - virtual_space_node_default_size: 1048576.
 - enlarge_chunks_in_place: 1.
 - new_chunks_are_fully_committed: 0.
 - uncommit_free_chunks: 1.
 - use_allocation_guard: 0.
 - handle_deallocations: 1.


Internal statistics:

num_allocs_failed_limit: 0.
num_arena_births: 98.
num_arena_deaths: 0.
num_vsnodes_births: 2.
num_vsnodes_deaths: 0.
num_space_committed: 115.
num_space_uncommitted: 0.
num_chunks_returned_to_freelist: 0.
num_chunks_taken_from_freelist: 297.
num_chunk_merges: 0.
num_chunk_splits: 151.
num_chunks_enlarged: 87.
num_purges: 0.
num_inconsistent_stats: 0.

CodeHeap 'non-profiled nmethods': size=120000Kb used=526Kb max_used=526Kb free=119473Kb
 bounds [0x0000013407ad0000, 0x0000013407d40000, 0x000001340f000000]
CodeHeap 'profiled nmethods': size=120000Kb used=3233Kb max_used=3233Kb free=116766Kb
 bounds [0x00000134005a0000, 0x00000134008d0000, 0x0000013407ad0000]
CodeHeap 'non-nmethods': size=5760Kb used=1227Kb max_used=1248Kb free=4532Kb
 bounds [0x0000013400000000, 0x0000013400270000, 0x00000134005a0000]
 total_blobs=1986 nmethods=1540 adapters=359
 compilation: enabled
              stopped_count=0, restarted_count=0
 full_count=0

Compilation events (20 events):
Event: 1.953 Thread 0x000001347dab98c0 1531       3       java.util.jar.JarVerifier$VerifierStream::<init> (80 bytes)
Event: 1.953 Thread 0x000001347dab98c0 nmethod 1531 0x00000134008c1b10 code [0x00000134008c1d20, 0x00000134008c23f8]
Event: 1.953 Thread 0x000001347dab98c0 1532       3       java.security.Security::getImpl (14 bytes)
Event: 1.954 Thread 0x000001347dab98c0 nmethod 1532 0x00000134008c2690 code [0x00000134008c2880, 0x00000134008c2ea8]
Event: 1.954 Thread 0x000001347dab98c0 1533   !   3       java.security.Security::getSpiClass (75 bytes)
Event: 1.954 Thread 0x000001347dab98c0 nmethod 1533 0x00000134008c3090 code [0x00000134008c3320, 0x00000134008c3d58]
Event: 1.954 Thread 0x000001347dab98c0 1534       3       sun.security.jca.GetInstance::getInstance (11 bytes)
Event: 1.954 Thread 0x000001347dab98c0 nmethod 1534 0x00000134008c4190 code [0x00000134008c4340, 0x00000134008c4498]
Event: 125.011 Thread 0x000001347dab98c0 1535       3       org.eclipse.jdt.launching.internal.org.objectweb.asm.ClassVisitor::visit (50 bytes)
Event: 125.011 Thread 0x000001347dab98c0 nmethod 1535 0x00000134008c4590 code [0x00000134008c4760, 0x00000134008c4b38]
Event: 125.011 Thread 0x000001347dab98c0 1536       3       org.eclipse.jdt.launching.internal.org.objectweb.asm.ClassWriter::visit (160 bytes)
Event: 125.033 Thread 0x000001347dab98c0 nmethod 1536 0x00000134008c4c90 code [0x00000134008c4ec0, 0x00000134008c5738]
Event: 125.033 Thread 0x000001347dab98c0 1537       3       org.eclipse.jdt.launching.internal.org.objectweb.asm.SymbolTable::setMajorVersionAndClassName (19 bytes)
Event: 125.034 Thread 0x000001347dab98c0 nmethod 1537 0x00000134008c5c10 code [0x00000134008c5dc0, 0x00000134008c5fe8]
Event: 125.034 Thread 0x000001347dab98c0 1538       3       org.eclipse.jdt.launching.internal.weaving.ClassfileTransformer$1::visitSource (125 bytes)
Event: 125.036 Thread 0x000001347dab98c0 nmethod 1538 0x00000134008c6110 code [0x00000134008c6460, 0x00000134008c72f8]
Event: 125.036 Thread 0x000001347dab98c0 1539       3       org.eclipse.jdt.launching.internal.org.objectweb.asm.ClassVisitor::visitSource (17 bytes)
Event: 125.036 Thread 0x000001347dab98c0 nmethod 1539 0x00000134008c7910 code [0x00000134008c7ac0, 0x00000134008c7ce8]
Event: 125.036 Thread 0x000001347dab98c0 1540       3       org.eclipse.jdt.launching.internal.org.objectweb.asm.ClassWriter::visitSource (39 bytes)
Event: 125.037 Thread 0x000001347dab98c0 nmethod 1540 0x00000134008c7e10 code [0x00000134008c7fe0, 0x00000134008c8478]

GC Heap History (4 events):
Event: 1.070 GC heap before
{Heap before GC invocations=0 (full 0):
 garbage-first heap   total 63488K, used 13312K [0x00000000c2400000, 0x0000000100000000)
  region size 1024K, 13 young (13312K), 0 survivors (0K)
 Metaspace       used 3352K, committed 3456K, reserved 1056768K
  class space    used 299K, committed 384K, reserved 1048576K
}
Event: 1.076 GC heap after
{Heap after GC invocations=1 (full 0):
 garbage-first heap   total 63488K, used 2064K [0x00000000c2400000, 0x0000000100000000)
  region size 1024K, 2 young (2048K), 2 survivors (2048K)
 Metaspace       used 3352K, committed 3456K, reserved 1056768K
  class space    used 299K, committed 384K, reserved 1048576K
}
Event: 1.570 GC heap before
{Heap before GC invocations=1 (full 0):
 garbage-first heap   total 63488K, used 17424K [0x00000000c2400000, 0x0000000100000000)
  region size 1024K, 18 young (18432K), 2 survivors (2048K)
 Metaspace       used 5578K, committed 5760K, reserved 1056768K
  class space    used 592K, committed 704K, reserved 1048576K
}
Event: 1.575 GC heap after
{Heap after GC invocations=2 (full 0):
 garbage-first heap   total 63488K, used 3311K [0x00000000c2400000, 0x0000000100000000)
  region size 1024K, 2 young (2048K), 2 survivors (2048K)
 Metaspace       used 5578K, committed 5760K, reserved 1056768K
  class space    used 592K, committed 704K, reserved 1048576K
}

Deoptimization events (20 events):
Event: 1.878 Thread 0x0000013471922090 Uncommon trap: trap_request=0xffffffde fr.pc=0x0000013407b4e648 relative=0x0000000000000128
Event: 1.878 Thread 0x0000013471922090 Uncommon trap: reason=class_check action=maybe_recompile pc=0x0000013407b4e648 method=jdk.internal.misc.Unsafe.allocateUninitializedArray(Ljava/lang/Class;I)Ljava/lang/Object; @ 51 c2
Event: 1.878 Thread 0x0000013471922090 DEOPT PACKING pc=0x0000013407b4e648 sp=0x0000002a16efd280
Event: 1.879 Thread 0x0000013471922090 DEOPT UNPACKING pc=0x000001340005239d sp=0x0000002a16efd208 mode 2
Event: 1.879 Thread 0x0000013471922090 Uncommon trap: trap_request=0xffffffde fr.pc=0x0000013407b4e648 relative=0x0000000000000128
Event: 1.879 Thread 0x0000013471922090 Uncommon trap: reason=class_check action=maybe_recompile pc=0x0000013407b4e648 method=jdk.internal.misc.Unsafe.allocateUninitializedArray(Ljava/lang/Class;I)Ljava/lang/Object; @ 51 c2
Event: 1.879 Thread 0x0000013471922090 DEOPT PACKING pc=0x0000013407b4e648 sp=0x0000002a16efd630
Event: 1.879 Thread 0x0000013471922090 DEOPT UNPACKING pc=0x000001340005239d sp=0x0000002a16efd5b8 mode 2
Event: 1.930 Thread 0x0000013471922090 Uncommon trap: trap_request=0xffffff45 fr.pc=0x0000013407af5ab8 relative=0x00000000000007f8
Event: 1.930 Thread 0x0000013471922090 Uncommon trap: reason=unstable_if action=reinterpret pc=0x0000013407af5ab8 method=org.eclipse.jdt.launching.internal.org.objectweb.asm.ClassReader.readUtf(II[C)Ljava/lang/String; @ 41 c2
Event: 1.930 Thread 0x0000013471922090 DEOPT PACKING pc=0x0000013407af5ab8 sp=0x0000002a16efa200
Event: 1.930 Thread 0x0000013471922090 DEOPT UNPACKING pc=0x000001340005239d sp=0x0000002a16efa1e8 mode 2
Event: 1.930 Thread 0x0000013471922090 Uncommon trap: trap_request=0xffffff45 fr.pc=0x0000013407ad9630 relative=0x00000000000001b0
Event: 1.930 Thread 0x0000013471922090 Uncommon trap: reason=unstable_if action=reinterpret pc=0x0000013407ad9630 method=java.lang.String.isLatin1()Z @ 10 c2
Event: 1.930 Thread 0x0000013471922090 DEOPT PACKING pc=0x0000013407ad9630 sp=0x0000002a16efa270
Event: 1.930 Thread 0x0000013471922090 DEOPT UNPACKING pc=0x000001340005239d sp=0x0000002a16efa1a0 mode 2
Event: 1.933 Thread 0x0000013471922090 Uncommon trap: trap_request=0xffffff45 fr.pc=0x0000013407ae4d48 relative=0x0000000000000048
Event: 1.933 Thread 0x0000013471922090 Uncommon trap: reason=unstable_if action=reinterpret pc=0x0000013407ae4d48 method=java.lang.CharacterData.of(I)Ljava/lang/CharacterData; @ 4 c2
Event: 1.933 Thread 0x0000013471922090 DEOPT PACKING pc=0x0000013407ae4d48 sp=0x0000002a16efbb60
Event: 1.933 Thread 0x0000013471922090 DEOPT UNPACKING pc=0x000001340005239d sp=0x0000002a16efbb00 mode 2

Classes unloaded (0 events):
No events

Classes redefined (3 events):
Event: 125.021 Thread 0x00000134719e93c0 redefined class name=telran.util.TreeSet$Node, count=1
Event: 125.021 Thread 0x00000134719e93c0 redefined class name=telran.util.TreeSet$TreeSetIterator, count=1
Event: 125.021 Thread 0x00000134719e93c0 redefined class name=telran.util.TreeSet, count=1

Internal exceptions (20 events):
Event: 1.482 Thread 0x0000013471922090 Exception <a 'java/lang/NoSuchMethodError'{0x00000000c55c9780}: 'int java.lang.invoke.DirectMethodHandle$Holder.invokeStatic(java.lang.Object, java.lang.Object, java.lang.Object, java.lang.Object)'> (0x00000000c55c9780) 
thrown [t:\workspace\open\src\hotspot\share\interpreter\linkResolver.cpp, line 766]
Event: 1.493 Thread 0x0000013471922090 Exception <a 'java/lang/NoSuchMethodError'{0x00000000c526dc28}: 'void java.lang.invoke.DirectMethodHandle$Holder.invokeInterface(java.lang.Object, java.lang.Object, java.lang.Object, java.lang.Object, java.lang.Object)'> (0x00000000c526dc28) 
thrown [t:\workspace\open\src\hotspot\share\interpreter\linkResolver.cpp, line 766]
Event: 1.494 Thread 0x0000013471922090 Exception <a 'java/lang/IncompatibleClassChangeError'{0x00000000c5271ba0}: Found class java.lang.Object, but interface was expected> (0x00000000c5271ba0) 
thrown [t:\workspace\open\src\hotspot\share\interpreter\linkResolver.cpp, line 833]
Event: 1.512 Thread 0x0000013471922090 Exception <a 'java/lang/NoSuchMethodError'{0x00000000c52cffe8}: 'void java.lang.invoke.DirectMethodHandle$Holder.invokeInterface(java.lang.Object, java.lang.Object, java.lang.Object)'> (0x00000000c52cffe8) 
thrown [t:\workspace\open\src\hotspot\share\interpreter\linkResolver.cpp, line 766]
Event: 1.512 Thread 0x0000013471922090 Exception <a 'java/lang/IncompatibleClassChangeError'{0x00000000c52d3650}: Found class java.lang.Object, but interface was expected> (0x00000000c52d3650) 
thrown [t:\workspace\open\src\hotspot\share\interpreter\linkResolver.cpp, line 833]
Event: 1.546 Thread 0x0000013471922090 Exception <a 'java/lang/NoSuchMethodError'{0x00000000c516fab0}: 'void java.lang.invoke.DirectMethodHandle$Holder.invokeSpecial(java.lang.Object, java.lang.Object, java.lang.Object, java.lang.Object, java.lang.Object)'> (0x00000000c516fab0) 
thrown [t:\workspace\open\src\hotspot\share\interpreter\linkResolver.cpp, line 766]
Event: 1.666 Thread 0x0000013471922090 Exception <a 'java/lang/NoSuchMethodError'{0x00000000c5ebe538}: 'void java.lang.invoke.DirectMethodHandle$Holder.invokeInterface(java.lang.Object, java.lang.Object, java.lang.Object, java.lang.Object)'> (0x00000000c5ebe538) 
thrown [t:\workspace\open\src\hotspot\share\interpreter\linkResolver.cpp, line 766]
Event: 1.666 Thread 0x0000013471922090 Exception <a 'java/lang/IncompatibleClassChangeError'{0x00000000c5ec1e60}: Found class java.lang.Object, but interface was expected> (0x00000000c5ec1e60) 
thrown [t:\workspace\open\src\hotspot\share\interpreter\linkResolver.cpp, line 833]
Event: 1.673 Thread 0x0000013471922090 Exception <a 'java/lang/NoSuchMethodError'{0x00000000c5ee5e00}: 'void java.lang.invoke.DirectMethodHandle$Holder.invokeStatic(java.lang.Object, java.lang.Object, java.lang.Object, java.lang.Object)'> (0x00000000c5ee5e00) 
thrown [t:\workspace\open\src\hotspot\share\interpreter\linkResolver.cpp, line 766]
Event: 1.695 Thread 0x0000013471922090 Exception <a 'java/lang/NoSuchMethodError'{0x00000000c5dc3258}: 'java.lang.Object java.lang.invoke.Invokers$Holder.invokeExact_MT(java.lang.Object, java.lang.Object, java.lang.Object, java.lang.Object, java.lang.Object, java.lang.Object)'> (0x00000000c5dc3258) 
thrown [t:\workspace\open\src\hotspot\share\interpreter\linkResolver.cpp, line 766]
Event: 1.699 Thread 0x0000013471922090 Exception <a 'java/lang/NoSuchMethodError'{0x00000000c5dd3b00}: 'int java.lang.invoke.DirectMethodHandle$Holder.invokeStatic(java.lang.Object, java.lang.Object, java.lang.Object, java.lang.Object, java.lang.Object)'> (0x00000000c5dd3b00) 
thrown [t:\workspace\open\src\hotspot\share\interpreter\linkResolver.cpp, line 766]
Event: 1.717 Thread 0x0000013471922090 Exception <a 'java/lang/NoSuchMethodError'{0x00000000c5c5e2f0}: 'void java.lang.invoke.DirectMethodHandle$Holder.invokeStaticInit(java.lang.Object)'> (0x00000000c5c5e2f0) 
thrown [t:\workspace\open\src\hotspot\share\interpreter\linkResolver.cpp, line 766]
Event: 1.805 Thread 0x0000013471922090 Exception <a 'java/lang/NoSuchMethodError'{0x00000000c5ada210}: 'int java.lang.invoke.DirectMethodHandle$Holder.invokeStaticInit(java.lang.Object, java.lang.Object)'> (0x00000000c5ada210) 
thrown [t:\workspace\open\src\hotspot\share\interpreter\linkResolver.cpp, line 766]
Event: 1.821 Thread 0x0000013471922090 Exception <a 'java/lang/NoSuchMethodError'{0x00000000c5938038}: 'int java.lang.invoke.DirectMethodHandle$Holder.invokeInterface(java.lang.Object, java.lang.Object)'> (0x00000000c5938038) 
thrown [t:\workspace\open\src\hotspot\share\interpreter\linkResolver.cpp, line 766]
Event: 1.893 Thread 0x0000013471922090 Exception <a 'java/lang/NoSuchMethodError'{0x00000000c58a71a8}: 'java.lang.Object java.lang.invoke.DirectMethodHandle$Holder.newInvokeSpecial(java.lang.Object, java.lang.Object, java.lang.Object, java.lang.Object, java.lang.Object, java.lang.Object, java.lang.Object)'> (0x00000000c58a71a8) 
thrown [t:\workspace\open\src\hotspot\share\interpreter\linkResolver.cpp, line 766]
Event: 1.894 Thread 0x0000013471922090 Exception <a 'java/lang/NoSuchMethodError'{0x00000000c58abd60}: 'java.lang.Object java.lang.invoke.Invokers$Holder.linkToTargetMethod(java.lang.Object, java.lang.Object, java.lang.Object, java.lang.Object, java.lang.Object, java.lang.Object, java.lang.Object)'> (0x00000000c58abd60) 
thrown [t:\workspace\open\src\hotspot\share\interpreter\linkResolver.cpp, line 766]
Event: 1.896 Thread 0x0000013471922090 Exception <a 'java/lang/NoSuchMethodError'{0x00000000c58b2330}: 'java.lang.Object java.lang.invoke.DirectMethodHandle$Holder.invokeInterface(java.lang.Object, java.lang.Object, java.lang.Object, java.lang.Object, java.lang.Object)'> (0x00000000c58b2330) 
thrown [t:\workspace\open\src\hotspot\share\interpreter\linkResolver.cpp, line 766]
Event: 1.896 Thread 0x0000013471922090 Exception <a 'java/lang/IncompatibleClassChangeError'{0x00000000c58b6128}: Found class java.lang.Object, but interface was expected> (0x00000000c58b6128) 
thrown [t:\workspace\open\src\hotspot\share\interpreter\linkResolver.cpp, line 833]
Event: 1.906 Thread 0x0000013471922090 Exception <a 'java/lang/NoSuchMethodError'{0x00000000c570e9a8}: 'java.lang.Object java.lang.invoke.DirectMethodHandle$Holder.newInvokeSpecial(java.lang.Object, java.lang.Object, java.lang.Object, java.lang.Object, java.lang.Object, java.lang.Object)'> (0x00000000c570e9a8) 
thrown [t:\workspace\open\src\hotspot\share\interpreter\linkResolver.cpp, line 766]
Event: 1.919 Thread 0x0000013471922090 Exception <a 'java/lang/IncompatibleClassChangeError'{0x00000000c573e568}: Found class java.lang.Object, but interface was expected> (0x00000000c573e568) 
thrown [t:\workspace\open\src\hotspot\share\interpreter\linkResolver.cpp, line 833]

VM Operations (20 events):
Event: 84.765 Executing VM operation: ChangeSingleStep
Event: 84.765 Executing VM operation: ChangeSingleStep done
Event: 84.766 Executing VM operation: ChangeSingleStep
Event: 84.766 Executing VM operation: ChangeSingleStep done
Event: 84.795 Executing VM operation: get/set locals
Event: 84.795 Executing VM operation: get/set locals done
Event: 84.870 Executing VM operation: get/set locals
Event: 84.870 Executing VM operation: get/set locals done
Event: 84.871 Executing VM operation: get/set locals
Event: 84.871 Executing VM operation: get/set locals done
Event: 84.871 Executing VM operation: get/set locals
Event: 84.871 Executing VM operation: get/set locals done
Event: 84.871 Executing VM operation: get/set locals
Event: 84.871 Executing VM operation: get/set locals done
Event: 84.872 Executing VM operation: get/set locals
Event: 84.872 Executing VM operation: get/set locals done
Event: 84.872 Executing VM operation: get/set locals
Event: 84.872 Executing VM operation: get/set locals done
Event: 125.012 Executing VM operation: RedefineClasses
Event: 125.034 Executing VM operation: RedefineClasses done

Events (20 events):
Event: 1.875 loading class java/util/stream/AbstractSpinedBuffer
Event: 1.875 loading class java/util/stream/AbstractSpinedBuffer done
Event: 1.876 loading class java/util/stream/SpinedBuffer done
Event: 1.877 loading class java/util/function/BooleanSupplier
Event: 1.877 loading class java/util/function/BooleanSupplier done
Event: 1.902 loading class java/util/ArrayList$ListItr
Event: 1.902 loading class java/util/ArrayList$ListItr done
Event: 1.912 loading class sun/nio/ch/IOStatus
Event: 1.912 loading class sun/nio/ch/IOStatus done
Event: 1.919 loading class java/util/AbstractList$ListItr
Event: 1.920 loading class java/util/AbstractList$Itr
Event: 1.920 loading class java/util/AbstractList$Itr done
Event: 1.920 loading class java/util/AbstractList$ListItr done
Event: 1.931 loading class java/time/format/DateTimeParseException
Event: 1.932 loading class java/time/DateTimeException
Event: 1.932 loading class java/time/DateTimeException done
Event: 1.932 loading class java/time/format/DateTimeParseException done
Event: 6.965 Thread 0x000001347e896020 Thread exited: 0x000001347e896020
Event: 63.468 loading class java/util/NoSuchElementException
Event: 63.468 loading class java/util/NoSuchElementException done


Dynamic libraries:
0x00007ff60c9c0000 - 0x00007ff60c9d0000 	C:\Program Files\Java\jdk-17.0.3.1\bin\javaw.exe
0x00007fffab1b0000 - 0x00007fffab3a8000 	C:\WINDOWS\SYSTEM32\ntdll.dll
0x00007fffaa420000 - 0x00007fffaa4dd000 	C:\WINDOWS\System32\KERNEL32.DLL
0x00007fffa8de0000 - 0x00007fffa90ae000 	C:\WINDOWS\System32\KERNELBASE.dll
0x00007fffa8c00000 - 0x00007fffa8d00000 	C:\WINDOWS\System32\ucrtbase.dll
0x00007fff96120000 - 0x00007fff96138000 	C:\Program Files\Java\jdk-17.0.3.1\bin\jli.dll
0x00007fffab0a0000 - 0x00007fffab14e000 	C:\WINDOWS\System32\ADVAPI32.dll
0x00007fffaa070000 - 0x00007fffaa10e000 	C:\WINDOWS\System32\msvcrt.dll
0x00007fffa9fc0000 - 0x00007fffaa05c000 	C:\WINDOWS\System32\sechost.dll
0x00007fffa9210000 - 0x00007fffa9335000 	C:\WINDOWS\System32\RPCRT4.dll
0x00007fffa95a0000 - 0x00007fffa9740000 	C:\WINDOWS\System32\USER32.dll
0x00007fffa8a80000 - 0x00007fffa8aa2000 	C:\WINDOWS\System32\win32u.dll
0x00007fffaa4f0000 - 0x00007fffaa51a000 	C:\WINDOWS\System32\GDI32.dll
0x00007fffa88d0000 - 0x00007fffa89db000 	C:\WINDOWS\System32\gdi32full.dll
0x00007fffa89e0000 - 0x00007fffa8a7d000 	C:\WINDOWS\System32\msvcp_win.dll
0x00007fff95a10000 - 0x00007fff95a2a000 	C:\Program Files\Java\jdk-17.0.3.1\bin\VCRUNTIME140.dll
0x00007fff94fe0000 - 0x00007fff9527a000 	C:\WINDOWS\WinSxS\amd64_microsoft.windows.common-controls_6595b64144ccf1df_6.0.19041.1110_none_60b5254171f9507e\COMCTL32.dll
0x00007fffa01e0000 - 0x00007fffa01ea000 	C:\WINDOWS\SYSTEM32\VERSION.dll
0x00007fffaa3f0000 - 0x00007fffaa420000 	C:\WINDOWS\System32\IMM32.DLL
0x00007fffa4310000 - 0x00007fffa431c000 	C:\Program Files\Java\jdk-17.0.3.1\bin\vcruntime140_1.dll
0x00007fff93410000 - 0x00007fff9349d000 	C:\Program Files\Java\jdk-17.0.3.1\bin\msvcp140.dll
0x00007fff74e10000 - 0x00007fff759d0000 	C:\Program Files\Java\jdk-17.0.3.1\bin\server\jvm.dll
0x00007fffaa060000 - 0x00007fffaa068000 	C:\WINDOWS\System32\PSAPI.DLL
0x00007fff96cc0000 - 0x00007fff96cc9000 	C:\WINDOWS\SYSTEM32\WSOCK32.dll
0x00007fffa9340000 - 0x00007fffa93ab000 	C:\WINDOWS\System32\WS2_32.dll
0x00007fff9ca10000 - 0x00007fff9ca37000 	C:\WINDOWS\SYSTEM32\WINMM.dll
0x00007fffa66f0000 - 0x00007fffa6702000 	C:\WINDOWS\SYSTEM32\kernel.appcore.dll
0x00007fff96090000 - 0x00007fff9609a000 	C:\Program Files\Java\jdk-17.0.3.1\bin\jimage.dll
0x00007fff955b0000 - 0x00007fff95794000 	C:\WINDOWS\SYSTEM32\DBGHELP.DLL
0x00007fff95d40000 - 0x00007fff95d6c000 	C:\WINDOWS\SYSTEM32\dbgcore.DLL
0x00007fffa8d00000 - 0x00007fffa8d82000 	C:\WINDOWS\System32\bcryptPrimitives.dll
0x00007fff93660000 - 0x00007fff9369b000 	C:\Program Files\Java\jdk-17.0.3.1\bin\jdwp.dll
0x00007fffa2f60000 - 0x00007fffa2f6e000 	C:\Program Files\Java\jdk-17.0.3.1\bin\instrument.dll
0x00007fff828c0000 - 0x00007fff828e5000 	C:\Program Files\Java\jdk-17.0.3.1\bin\java.dll
0x00007fff76630000 - 0x00007fff76706000 	C:\Program Files\Java\jdk-17.0.3.1\bin\jsvml.dll
0x00007fffa9870000 - 0x00007fffa9fb4000 	C:\WINDOWS\System32\SHELL32.dll
0x00007fffa69d0000 - 0x00007fffa7164000 	C:\WINDOWS\SYSTEM32\windows.storage.dll
0x00007fffaa740000 - 0x00007fffaaa94000 	C:\WINDOWS\System32\combase.dll
0x00007fffa8260000 - 0x00007fffa8290000 	C:\WINDOWS\SYSTEM32\Wldp.dll
0x00007fffaa340000 - 0x00007fffaa3ed000 	C:\WINDOWS\System32\SHCORE.dll
0x00007fffaa1f0000 - 0x00007fffaa245000 	C:\WINDOWS\System32\shlwapi.dll
0x00007fffa8810000 - 0x00007fffa882f000 	C:\WINDOWS\SYSTEM32\profapi.dll
0x00007fff95da0000 - 0x00007fff95dac000 	C:\Program Files\Java\jdk-17.0.3.1\bin\dt_socket.dll
0x00007fffa7cb0000 - 0x00007fffa7ceb000 	C:\WINDOWS\SYSTEM32\IPHLPAPI.DLL
0x00007fffa7fc0000 - 0x00007fffa802a000 	C:\WINDOWS\system32\mswsock.dll
0x00007fffa7d00000 - 0x00007fffa7dca000 	C:\WINDOWS\SYSTEM32\DNSAPI.dll
0x00007fffaa520000 - 0x00007fffaa528000 	C:\WINDOWS\System32\NSI.dll
0x00007fffa0030000 - 0x00007fffa003a000 	C:\Windows\System32\rasadhlp.dll
0x00007fffa0880000 - 0x00007fffa0900000 	C:\WINDOWS\System32\fwpuclnt.dll
0x00007fffa8bd0000 - 0x00007fffa8bf7000 	C:\WINDOWS\System32\bcrypt.dll
0x00007fff8c450000 - 0x00007fff8c468000 	C:\Program Files\Java\jdk-17.0.3.1\bin\zip.dll
0x00007fff92c80000 - 0x00007fff92c99000 	C:\Program Files\Java\jdk-17.0.3.1\bin\net.dll
0x00007fffa3080000 - 0x00007fffa318a000 	C:\WINDOWS\SYSTEM32\WINHTTP.dll
0x00007fff91b70000 - 0x00007fff91b86000 	C:\Program Files\Java\jdk-17.0.3.1\bin\nio.dll
0x00007fff959f0000 - 0x00007fff95a00000 	C:\Program Files\Java\jdk-17.0.3.1\bin\verify.dll
0x00007fffa13f0000 - 0x00007fffa1407000 	C:\WINDOWS\SYSTEM32\dhcpcsvc6.DLL
0x00007fffa0bf0000 - 0x00007fffa0c0d000 	C:\WINDOWS\SYSTEM32\dhcpcsvc.DLL

dbghelp: loaded successfully - version: 4.0.5 - missing functions: none
symbol engine: initialized successfully - sym options: 0x614 - pdb path: .;C:\Program Files\Java\jdk-17.0.3.1\bin;C:\WINDOWS\SYSTEM32;C:\WINDOWS\WinSxS\amd64_microsoft.windows.common-controls_6595b64144ccf1df_6.0.19041.1110_none_60b5254171f9507e;C:\Program Files\Java\jdk-17.0.3.1\bin\server

VM Arguments:
jvm_args: -XX:+ShowCodeDetailsInExceptionMessages -agentlib:jdwp=transport=dt_socket,suspend=y,address=localhost:58050 -ea -javaagent:C:\Users\Anton\eclipse\java-2022-03\eclipse\configuration\org.eclipse.osgi\225\0\.cp\lib\javaagent-shaded.jar -Dfile.encoding=Cp1251 
java_command: org.eclipse.jdt.internal.junit.runner.RemoteTestRunner -version 3 -port 58049 -testLoaderClass org.eclipse.jdt.internal.junit5.runner.JUnit5TestLoader -loaderpluginname org.eclipse.jdt.junit5.runtime -test telran.util.tests.TreeSetTest:balanceTest -uniqueId [engine:junit-jupiter]/[class:telran.util.tests.TreeSetTest]/[method:balanceTest()]
java_class_path (initial): C:\Users\Anton\.p2\pool\plugins\org.junit.jupiter.api_5.8.1.v20211018-1956.jar;C:\Users\Anton\.p2\pool\plugins\org.junit.jupiter.engine_5.8.1.v20211018-1956.jar;C:\Users\Anton\.p2\pool\plugins\org.junit.jupiter.migrationsupport_5.8.1.v20211018-1956.jar;C:\Users\Anton\.p2\pool\plugins\org.junit.jupiter.params_5.8.1.v20211018-1956.jar;C:\Users\Anton\.p2\pool\plugins\org.junit.platform.commons_1.8.1.v20211018-1956.jar;C:\Users\Anton\.p2\pool\plugins\org.junit.platform.engine_1.8.1.v20211018-1956.jar;C:\Users\Anton\.p2\pool\plugins\org.junit.platform.launcher_1.8.1.v20211018-1956.jar;C:\Users\Anton\.p2\pool\plugins\org.junit.platform.runner_1.8.1.v20211018-1956.jar;C:\Users\Anton\.p2\pool\plugins\org.junit.platform.suite.api_1.8.1.v20211018-1956.jar;C:\Users\Anton\.p2\pool\plugins\org.junit.platform.suite.engine_1.8.1.v20211028-1957.jar;C:\Users\Anton\.p2\pool\plugins\org.junit.platform.suite.commons_1.8.1.v20211018-1956.jar;C:\Users\Anton\.p2\pool\plugins\org.junit.vintage.engine_5.8.1.v20211018-1956.jar;C:\Users\Anton\.p2\pool\plugins\org.opentest4j_1.2.0.v20211018-1956.jar;C:\Users\Anton\.p2\pool\plugins\org.apiguardian_1.1.2.v20211018-1956.jar;C:\Users\Anton\.p2\pool\plugins\org.junit_4.13.2.v20211018-1956.jar;C:\Users\Anton\.p2\pool\plugins\org.hamcrest.core_1.3.0.v20180420-1519.jar;D:\TelRanEclipseJavaProjects\hello-algorithm\bin;C:\Users\Anton\eclipse\java-2022-03\eclipse\configuration\org.eclipse.osgi\224\0\.cp;C:\Users\Anton\eclipse\java-2022-03\eclipse\configuration\org.eclipse.osgi\222\0\.cp
Launcher Type: SUN_STANDARD

[Global flags]
     intx CICompilerCount                          = 3                                         {product} {ergonomic}
     uint ConcGCThreads                            = 1                                         {product} {ergonomic}
     uint G1ConcRefinementThreads                  = 4                                         {product} {ergonomic}
   size_t G1HeapRegionSize                         = 1048576                                   {product} {ergonomic}
    uintx GCDrainStackTargetSize                   = 64                                        {product} {ergonomic}
   size_t InitialHeapSize                          = 65011712                                  {product} {ergonomic}
   size_t MarkStackSize                            = 4194304                                   {product} {ergonomic}
   size_t MaxHeapSize                              = 1035993088                                {product} {ergonomic}
   size_t MaxNewSize                               = 620756992                                 {product} {ergonomic}
   size_t MinHeapDeltaBytes                        = 1048576                                   {product} {ergonomic}
   size_t MinHeapSize                              = 8388608                                   {product} {ergonomic}
    uintx NonNMethodCodeHeapSize                   = 5832780                                {pd product} {ergonomic}
    uintx NonProfiledCodeHeapSize                  = 122912730                              {pd product} {ergonomic}
    uintx ProfiledCodeHeapSize                     = 122912730                              {pd product} {ergonomic}
    uintx ReservedCodeCacheSize                    = 251658240                              {pd product} {ergonomic}
     bool SegmentedCodeCache                       = true                                      {product} {ergonomic}
     bool ShowCodeDetailsInExceptionMessages       = true                                   {manageable} {command line}
   size_t SoftMaxHeapSize                          = 1035993088                             {manageable} {ergonomic}
     bool UseCompressedClassPointers               = true                           {product lp64_product} {ergonomic}
     bool UseCompressedOops                        = true                           {product lp64_product} {ergonomic}
     bool UseG1GC                                  = true                                      {product} {ergonomic}
     bool UseLargePagesIndividualAllocation        = false                                  {pd product} {ergonomic}

Logging:
Log output configuration:
 #0: stdout all=warning uptime,level,tags
 #1: stderr all=off uptime,level,tags

Environment Variables:
PATH=C:/Program Files/Java/jdk-17.0.3.1/bin/server;C:/Program Files/Java/jdk-17.0.3.1/bin;C:\Program Files\Common Files\Oracle\Java\javapath;C:\Python310\Scripts\;C:\Python310\;C:\Program Files (x86)\NVIDIA Corporation\PhysX\Common;C:\Program Files (x86)\Razer Chroma SDK\bin;C:\Program Files\Razer Chroma SDK\bin;C:\WINDOWS\system32;C:\WINDOWS;C:\WINDOWS\System32\Wbem;C:\WINDOWS\System32\WindowsPowerShell\v1.0\;C:\Program Files (x86)\ATI Technologies\ATI.ACE\Core-Static;C:\WINDOWS\System32\OpenSSH\;C:\Users\Anton\AppData\Local\Microsoft\WindowsApps;C:\WINDOWS\system32;C:\WINDOWS;C:\WINDOWS\System32\Wbem;C:\WINDOWS\System32\WindowsPowerShell\v1.0\;C:\WINDOWS\System32\OpenSSH\;C:\Program Files\Git\cmd;C:\Program Files\nodejs\;C:\ProgramData\chocolatey\bin;C:\Users\Anton\AppData\Local\Microsoft\WindowsApps;;C:\Users\Anton\AppData\Local\Programs\Microsoft VS Code\bin;C:\Users\Anton\AppData\Roaming\npm;C:\Users\Anton\Desktop\Coding;
USERNAME=Anton
OS=Windows_NT
PROCESSOR_IDENTIFIER=Intel64 Family 6 Model 37 Stepping 5, GenuineIntel



---------------  S Y S T E M  ---------------

OS:
 Windows 10 , 64 bit Build 19041 (10.0.19041.1889)
OS uptime: 0 days 21:49 hours

CPU: total 4 (initial active 4) (2 cores per cpu, 2 threads per core) family 6 model 37 stepping 5 microcode 0x7, cx8, cmov, fxsr, ht, mmx, sse, sse2, sse3, ssse3, sse4.1, sse4.2, popcnt, tsc, tscinvbit, clflush

Memory: 4k page, system-wide physical 3950M (781M free)
TotalPageFile size 8814M (AvailPageFile size 4340M)
current process WorkingSet (physical memory assigned to process): 70M, peak: 77M
current process commit charge ("private bytes"): 148M, peak: 153M

vm_info: Java HotSpot(TM) 64-Bit Server VM (17.0.3.1+2-LTS-6) for windows-amd64 JRE (17.0.3.1+2-LTS-6), built on Apr 25 2022 22:04:21 by "mach5one" with MS VC++ 16.8 / 16.9 (VS2019)

END.
